2023-11-15 09:37:22,398 [Worker-5: Loading available Gradle versions] INFO  o.e.b.c.i.u.g.PublishedGradleVersions - Gradle version information cache is up-to-date. Trying to read.
2023-11-15 09:41:03,575 [Worker-21: Import Getting Started Content] INFO  o.e.m.c.i.l.LifecycleMappingFactory - Using org.eclipse.m2e.jdt.JarLifecycleMapping lifecycle mapping for MavenProject: es.actividad:AE-2.ServiciosREST:0.0.1-SNAPSHOT @ C:\Users\nacho\OneDrive\Escritorio\EDIX 2 DAM\Programación de Servicios y Procesos\AE-2. Servicios REST\AE-2.ServiciosREST\pom.xml.
2023-11-15 09:41:04,889 [Worker-21: Import Getting Started Content] INFO  o.e.m.j.i.AbstractJavaProjectConfigurator - Adding source folder /AE-2.ServiciosREST/src/main/java
2023-11-15 09:41:04,889 [Worker-21: Import Getting Started Content] INFO  o.e.m.j.i.AbstractJavaProjectConfigurator - Adding resource folder /AE-2.ServiciosREST/src/main/resources
2023-11-15 09:41:04,894 [Worker-21: Import Getting Started Content] INFO  o.e.m.j.i.AbstractJavaProjectConfigurator - Adding resource folder /AE-2.ServiciosREST/src/main/resources
2023-11-15 09:41:04,900 [Worker-21: Import Getting Started Content] INFO  o.e.m.j.i.AbstractJavaProjectConfigurator - Adding source folder /AE-2.ServiciosREST/src/test/java
2023-11-15 09:41:04,900 [Worker-21: Import Getting Started Content] INFO  o.e.m.j.i.AbstractJavaProjectConfigurator - Adding resource folder /AE-2.ServiciosREST/src/test/resources
2023-11-15 09:41:05,452 [Worker-21: Import Getting Started Content] INFO  o.e.m.c.i.p.ProjectConfigurationManager - Imported and configured 1 project(s) in 3 sec
2023-11-15 09:41:05,457 [Worker-21: Import Getting Started Content] INFO  o.e.m.c.i.p.ProjectConfigurationManager - Update started
2023-11-15 09:41:05,976 [Worker-21: Import Getting Started Content] INFO  o.e.m.c.i.l.LifecycleMappingFactory - Using org.eclipse.m2e.jdt.JarLifecycleMapping lifecycle mapping for MavenProject: es.actividad:AE-2.ServiciosREST:0.0.1-SNAPSHOT @ C:\Users\nacho\OneDrive\Escritorio\EDIX 2 DAM\Programación de Servicios y Procesos\AE-2. Servicios REST\AE-2.ServiciosREST\pom.xml.
2023-11-15 09:41:06,651 [Worker-21: Import Getting Started Content] INFO  o.e.m.j.i.AbstractJavaProjectConfigurator - Adding source folder /AE-2.ServiciosREST/src/main/java
2023-11-15 09:41:06,651 [Worker-21: Import Getting Started Content] INFO  o.e.m.j.i.AbstractJavaProjectConfigurator - Adding resource folder /AE-2.ServiciosREST/src/main/resources
2023-11-15 09:41:06,652 [Worker-21: Import Getting Started Content] INFO  o.e.m.j.i.AbstractJavaProjectConfigurator - Adding resource folder /AE-2.ServiciosREST/src/main/resources
2023-11-15 09:41:06,653 [Worker-21: Import Getting Started Content] INFO  o.e.m.j.i.AbstractJavaProjectConfigurator - Adding source folder /AE-2.ServiciosREST/src/test/java
2023-11-15 09:41:06,653 [Worker-21: Import Getting Started Content] INFO  o.e.m.j.i.AbstractJavaProjectConfigurator - Adding resource folder /AE-2.ServiciosREST/src/test/resources
2023-11-15 09:41:07,337 [Worker-21: Import Getting Started Content] INFO  o.e.m.c.i.p.ProjectConfigurationManager - Update completed for 1 poms: local refresh takes 0,00 sec, refresh facades takes 1,00 sec, update config takes 0,00 sec 
2023-11-15 09:41:08,286 [Worker-23: Building] INFO  o.a.m.s.f.DefaultMavenResourcesFiltering - Copying 1 resource from src\main\resources to target\classes
2023-11-15 09:41:08,304 [Worker-23: Building] INFO  o.a.m.s.f.DefaultMavenResourcesFiltering - Copying 0 resource from src\main\resources to target\classes
2023-11-15 09:41:08,309 [Worker-23: Building] INFO  o.a.m.s.f.DefaultMavenResourcesFiltering - skip non existing resourceDirectory C:\Users\nacho\OneDrive\Escritorio\EDIX 2 DAM\Programación de Servicios y Procesos\AE-2. Servicios REST\AE-2.ServiciosREST\src\test\resources
2023-11-15 09:43:42,131 [Worker-24: Building] INFO  o.a.m.s.f.DefaultMavenResourcesFiltering - Copying 1 resource from src\main\resources to target\classes
2023-11-15 09:43:42,138 [Worker-24: Building] INFO  o.a.m.s.f.DefaultMavenResourcesFiltering - Copying 0 resource from src\main\resources to target\classes
2023-11-15 09:43:42,143 [Worker-24: Building] INFO  o.a.m.s.f.DefaultMavenResourcesFiltering - skip non existing resourceDirectory C:\Users\nacho\OneDrive\Escritorio\EDIX 2 DAM\Programación de Servicios y Procesos\AE-2. Servicios REST\AE-2.ServiciosREST\src\test\resources
2023-11-15 10:10:10,268 [Worker-28: Building] INFO  o.a.m.s.f.DefaultMavenResourcesFiltering - Copying 1 resource from src\main\resources to target\classes
2023-11-15 10:10:10,283 [Worker-28: Building] INFO  o.a.m.s.f.DefaultMavenResourcesFiltering - Copying 0 resource from src\main\resources to target\classes
2023-11-15 10:10:10,287 [Worker-28: Building] INFO  o.a.m.s.f.DefaultMavenResourcesFiltering - skip non existing resourceDirectory C:\Users\nacho\OneDrive\Escritorio\EDIX 2 DAM\Programación de Servicios y Procesos\AE-2. Servicios REST\AE-2.ServiciosREST\src\test\resources
2023-11-15 14:01:22,881 [Worker-61: Building] INFO  o.a.m.s.f.DefaultMavenResourcesFiltering - Copying 1 resource from src\main\resources to target\classes
2023-11-15 14:01:22,890 [Worker-61: Building] INFO  o.a.m.s.f.DefaultMavenResourcesFiltering - Copying 0 resource from src\main\resources to target\classes
2023-11-15 14:01:22,895 [Worker-61: Building] INFO  o.a.m.s.f.DefaultMavenResourcesFiltering - skip non existing resourceDirectory C:\Users\nacho\OneDrive\Escritorio\EDIX 2 DAM\Programación de Servicios y Procesos\AE-2. Servicios REST\AE-2.ServiciosREST\src\test\resources
2023-11-15 18:39:40,838 [Worker-113: Import Getting Started Content] INFO  o.e.m.c.i.l.LifecycleMappingFactory - Using org.eclipse.m2e.jdt.JarLifecycleMapping lifecycle mapping for MavenProject: es.actividad.cliente:AE-2.ServiciosRESTCliente:0.0.1-SNAPSHOT @ C:\Users\nacho\OneDrive\Escritorio\EDIX 2 DAM\Programación de Servicios y Procesos\AE-2. Servicios REST\AE-2.ServiciosRESTCliente\pom.xml.
2023-11-15 18:39:41,504 [Worker-113: Import Getting Started Content] INFO  o.e.m.j.i.AbstractJavaProjectConfigurator - Adding source folder /AE-2.ServiciosRESTCliente/src/main/java
2023-11-15 18:39:41,504 [Worker-113: Import Getting Started Content] INFO  o.e.m.j.i.AbstractJavaProjectConfigurator - Adding resource folder /AE-2.ServiciosRESTCliente/src/main/resources
2023-11-15 18:39:41,508 [Worker-113: Import Getting Started Content] INFO  o.e.m.j.i.AbstractJavaProjectConfigurator - Adding resource folder /AE-2.ServiciosRESTCliente/src/main/resources
2023-11-15 18:39:41,513 [Worker-113: Import Getting Started Content] INFO  o.e.m.j.i.AbstractJavaProjectConfigurator - Adding source folder /AE-2.ServiciosRESTCliente/src/test/java
2023-11-15 18:39:41,513 [Worker-113: Import Getting Started Content] INFO  o.e.m.j.i.AbstractJavaProjectConfigurator - Adding resource folder /AE-2.ServiciosRESTCliente/src/test/resources
2023-11-15 18:39:41,829 [Worker-113: Import Getting Started Content] INFO  o.e.m.c.i.p.ProjectConfigurationManager - Imported and configured 1 project(s) in 1 sec
2023-11-15 18:39:41,832 [Worker-113: Import Getting Started Content] INFO  o.e.m.c.i.p.ProjectConfigurationManager - Update started
2023-11-15 18:39:42,230 [Worker-113: Import Getting Started Content] INFO  o.e.m.c.i.l.LifecycleMappingFactory - Using org.eclipse.m2e.jdt.JarLifecycleMapping lifecycle mapping for MavenProject: es.actividad.cliente:AE-2.ServiciosRESTCliente:0.0.1-SNAPSHOT @ C:\Users\nacho\OneDrive\Escritorio\EDIX 2 DAM\Programación de Servicios y Procesos\AE-2. Servicios REST\AE-2.ServiciosRESTCliente\pom.xml.
2023-11-15 18:39:42,681 [Worker-113: Import Getting Started Content] INFO  o.e.m.j.i.AbstractJavaProjectConfigurator - Adding source folder /AE-2.ServiciosRESTCliente/src/main/java
2023-11-15 18:39:42,681 [Worker-113: Import Getting Started Content] INFO  o.e.m.j.i.AbstractJavaProjectConfigurator - Adding resource folder /AE-2.ServiciosRESTCliente/src/main/resources
2023-11-15 18:39:42,681 [Worker-113: Import Getting Started Content] INFO  o.e.m.j.i.AbstractJavaProjectConfigurator - Adding resource folder /AE-2.ServiciosRESTCliente/src/main/resources
2023-11-15 18:39:42,682 [Worker-113: Import Getting Started Content] INFO  o.e.m.j.i.AbstractJavaProjectConfigurator - Adding source folder /AE-2.ServiciosRESTCliente/src/test/java
2023-11-15 18:39:42,682 [Worker-113: Import Getting Started Content] INFO  o.e.m.j.i.AbstractJavaProjectConfigurator - Adding resource folder /AE-2.ServiciosRESTCliente/src/test/resources
2023-11-15 18:39:42,993 [Worker-113: Import Getting Started Content] INFO  o.e.m.c.i.p.ProjectConfigurationManager - Update completed for 1 poms: local refresh takes 0,00 sec, refresh facades takes 0,00 sec, update config takes 0,00 sec 
2023-11-15 18:39:43,442 [Worker-110: Building] INFO  o.a.m.s.f.DefaultMavenResourcesFiltering - Copying 1 resource from src\main\resources to target\classes
2023-11-15 18:39:43,456 [Worker-110: Building] INFO  o.a.m.s.f.DefaultMavenResourcesFiltering - Copying 0 resource from src\main\resources to target\classes
2023-11-15 18:39:43,462 [Worker-110: Building] INFO  o.a.m.s.f.DefaultMavenResourcesFiltering - skip non existing resourceDirectory C:\Users\nacho\OneDrive\Escritorio\EDIX 2 DAM\Programación de Servicios y Procesos\AE-2. Servicios REST\AE-2.ServiciosRESTCliente\src\test\resources
2023-11-15 18:40:45,055 [Worker-110: Building] INFO  o.a.m.s.f.DefaultMavenResourcesFiltering - Copying 1 resource from src\main\resources to target\classes
2023-11-15 18:40:45,072 [Worker-110: Building] INFO  o.a.m.s.f.DefaultMavenResourcesFiltering - Copying 0 resource from src\main\resources to target\classes
2023-11-15 18:40:45,075 [Worker-110: Building] INFO  o.a.m.s.f.DefaultMavenResourcesFiltering - skip non existing resourceDirectory C:\Users\nacho\OneDrive\Escritorio\EDIX 2 DAM\Programación de Servicios y Procesos\AE-2. Servicios REST\AE-2.ServiciosRESTCliente\src\test\resources
2023-11-15 18:41:53,016 [Worker-114: Building] INFO  o.a.m.s.f.DefaultMavenResourcesFiltering - Copying 1 resource from src\main\resources to target\classes
2023-11-15 18:41:53,021 [Worker-114: Building] INFO  o.a.m.s.f.DefaultMavenResourcesFiltering - Copying 0 resource from src\main\resources to target\classes
2023-11-15 18:41:53,026 [Worker-114: Building] INFO  o.a.m.s.f.DefaultMavenResourcesFiltering - skip non existing resourceDirectory C:\Users\nacho\OneDrive\Escritorio\EDIX 2 DAM\Programación de Servicios y Procesos\AE-2. Servicios REST\AE-2.ServiciosREST\src\test\resources
2023-11-15 18:41:56,256 [Worker-113: Building] INFO  o.a.m.s.f.DefaultMavenResourcesFiltering - Copying 1 resource from src\main\resources to target\classes
2023-11-15 18:41:56,277 [Worker-113: Building] INFO  o.a.m.s.f.DefaultMavenResourcesFiltering - Copying 0 resource from src\main\resources to target\classes
2023-11-15 18:41:56,282 [Worker-113: Building] INFO  o.a.m.s.f.DefaultMavenResourcesFiltering - skip non existing resourceDirectory C:\Users\nacho\OneDrive\Escritorio\EDIX 2 DAM\Programación de Servicios y Procesos\AE-2. Servicios REST\AE-2.ServiciosREST\src\test\resources
2023-11-15 18:41:59,552 [Worker-114: Building] INFO  o.a.m.s.f.DefaultMavenResourcesFiltering - Copying 1 resource from src\main\resources to target\classes
2023-11-15 18:41:59,557 [Worker-114: Building] INFO  o.a.m.s.f.DefaultMavenResourcesFiltering - Copying 0 resource from src\main\resources to target\classes
2023-11-15 18:41:59,560 [Worker-114: Building] INFO  o.a.m.s.f.DefaultMavenResourcesFiltering - skip non existing resourceDirectory C:\Users\nacho\OneDrive\Escritorio\EDIX 2 DAM\Programación de Servicios y Procesos\AE-2. Servicios REST\AE-2.ServiciosREST\src\test\resources
2023-11-15 18:43:03,848 [Worker-115: Building] INFO  o.a.m.s.f.DefaultMavenResourcesFiltering - Copying 1 resource from src\main\resources to target\classes
2023-11-15 18:43:03,855 [Worker-115: Building] INFO  o.a.m.s.f.DefaultMavenResourcesFiltering - Copying 0 resource from src\main\resources to target\classes
2023-11-15 18:43:03,860 [Worker-115: Building] INFO  o.a.m.s.f.DefaultMavenResourcesFiltering - skip non existing resourceDirectory C:\Users\nacho\OneDrive\Escritorio\EDIX 2 DAM\Programación de Servicios y Procesos\AE-2. Servicios REST\AE-2.ServiciosRESTCliente\src\test\resources
2023-11-15 19:03:05,783 [Worker-119: Building] INFO  o.a.m.s.f.DefaultMavenResourcesFiltering - Copying 1 resource from src\main\resources to target\classes
2023-11-15 19:03:05,789 [Worker-119: Building] INFO  o.a.m.s.f.DefaultMavenResourcesFiltering - Copying 0 resource from src\main\resources to target\classes
2023-11-15 19:03:05,793 [Worker-119: Building] INFO  o.a.m.s.f.DefaultMavenResourcesFiltering - skip non existing resourceDirectory C:\Users\nacho\OneDrive\Escritorio\EDIX 2 DAM\Programación de Servicios y Procesos\AE-2. Servicios REST\AE-2.ServiciosRESTCliente\src\test\resources
2023-11-15 19:03:10,224 [Worker-119: Building] INFO  o.a.m.s.f.DefaultMavenResourcesFiltering - Copying 1 resource from src\main\resources to target\classes
2023-11-15 19:03:10,230 [Worker-119: Building] INFO  o.a.m.s.f.DefaultMavenResourcesFiltering - Copying 0 resource from src\main\resources to target\classes
2023-11-15 19:03:10,235 [Worker-119: Building] INFO  o.a.m.s.f.DefaultMavenResourcesFiltering - skip non existing resourceDirectory C:\Users\nacho\OneDrive\Escritorio\EDIX 2 DAM\Programación de Servicios y Procesos\AE-2. Servicios REST\AE-2.ServiciosRESTCliente\src\test\resources
2023-11-17 15:37:00,375 [Worker-3: Loading available Gradle versions] INFO  o.e.b.c.i.u.g.PublishedGradleVersions - Gradle version information cache is out-of-date. Trying to update.
2023-11-17 22:09:21,488 [Worker-2: Loading available Gradle versions] INFO  o.e.b.c.i.u.g.PublishedGradleVersions - Gradle version information cache is up-to-date. Trying to read.
2023-11-17 22:23:45,517 [Worker-2: Building] INFO  o.a.m.s.f.DefaultMavenResourcesFiltering - Copying 1 resource from src\main\resources to target\classes
2023-11-17 22:23:45,539 [Worker-2: Building] INFO  o.a.m.s.f.DefaultMavenResourcesFiltering - Copying 0 resource from src\main\resources to target\classes
2023-11-17 22:23:45,546 [Worker-2: Building] INFO  o.a.m.s.f.DefaultMavenResourcesFiltering - skip non existing resourceDirectory C:\Users\nacho\OneDrive\Escritorio\EDIX 2 DAM\Programación de Servicios y Procesos\AE-2. Servicios REST\AE-2.ServiciosRESTCliente\src\test\resources
2023-11-18 08:18:32,952 [Worker-1: Loading available Gradle versions] INFO  o.e.b.c.i.u.g.PublishedGradleVersions - Gradle version information cache is up-to-date. Trying to read.
2023-11-18 13:19:29,709 [Worker-45: Building] INFO  o.a.m.s.f.DefaultMavenResourcesFiltering - Copying 1 resource from src\main\resources to target\classes
2023-11-18 13:19:29,750 [Worker-45: Building] INFO  o.a.m.s.f.DefaultMavenResourcesFiltering - Copying 0 resource from src\main\resources to target\classes
2023-11-18 13:19:29,755 [Worker-45: Building] INFO  o.a.m.s.f.DefaultMavenResourcesFiltering - skip non existing resourceDirectory C:\Users\nacho\OneDrive\Escritorio\EDIX 2 DAM\Programación de Servicios y Procesos\AE-2. Servicios REST\AE-2.ServiciosREST\src\test\resources
2023-11-19 08:25:33,495 [Worker-4: Loading available Gradle versions] INFO  o.e.b.c.i.u.g.PublishedGradleVersions - Gradle version information cache is out-of-date. Trying to update.
2023-11-19 08:25:52,861 [Worker-21: Building] INFO  o.a.m.s.f.DefaultMavenResourcesFiltering - Copying 1 resource from src\main\resources to target\classes
2023-11-19 08:25:52,882 [Worker-21: Building] INFO  o.a.m.s.f.DefaultMavenResourcesFiltering - Copying 0 resource from src\main\resources to target\classes
2023-11-19 08:25:52,888 [Worker-21: Building] INFO  o.a.m.s.f.DefaultMavenResourcesFiltering - skip non existing resourceDirectory C:\Users\nacho\OneDrive\Escritorio\EDIX 2 DAM\Programación de Servicios y Procesos\AE-2. Servicios REST\AE-2.ServiciosRESTCliente\src\test\resources
2023-11-19 08:48:50,436 [Worker-24: Building] INFO  o.a.m.s.f.DefaultMavenResourcesFiltering - Copying 1 resource from src\main\resources to target\classes
2023-11-19 08:48:50,450 [Worker-24: Building] INFO  o.a.m.s.f.DefaultMavenResourcesFiltering - Copying 0 resource from src\main\resources to target\classes
2023-11-19 08:48:50,455 [Worker-24: Building] INFO  o.a.m.s.f.DefaultMavenResourcesFiltering - skip non existing resourceDirectory C:\Users\nacho\OneDrive\Escritorio\EDIX 2 DAM\Programación de Servicios y Procesos\AE-2. Servicios REST\AE-2.ServiciosREST\src\test\resources
2023-11-19 08:49:58,860 [Worker-29: Launching AE-2.ServiciosREST - Application] INFO  o.a.m.s.f.DefaultMavenResourcesFiltering - Copying 1 resource from src\main\resources to target\classes
2023-11-19 08:49:58,888 [Worker-29: Launching AE-2.ServiciosREST - Application] INFO  o.a.m.s.f.DefaultMavenResourcesFiltering - Copying 0 resource from src\main\resources to target\classes
2023-11-19 08:49:58,891 [Worker-29: Launching AE-2.ServiciosREST - Application] INFO  o.a.m.s.f.DefaultMavenResourcesFiltering - skip non existing resourceDirectory C:\Users\nacho\OneDrive\Escritorio\EDIX 2 DAM\Programación de Servicios y Procesos\AE-2. Servicios REST\AE-2.ServiciosREST\src\test\resources
2023-11-19 11:18:41,556 [Worker-56: Building] INFO  o.a.m.s.f.DefaultMavenResourcesFiltering - Copying 1 resource from src\main\resources to target\classes
2023-11-19 11:18:41,619 [Worker-56: Building] INFO  o.a.m.s.f.DefaultMavenResourcesFiltering - Copying 0 resource from src\main\resources to target\classes
2023-11-19 11:18:41,625 [Worker-56: Building] INFO  o.a.m.s.f.DefaultMavenResourcesFiltering - skip non existing resourceDirectory C:\Users\nacho\OneDrive\Escritorio\EDIX 2 DAM\Programación de Servicios y Procesos\AE-2. Servicios REST\AE-2.ServiciosREST\src\test\resources
